<?xml version="1.0" encoding="UTF-8"?>
<!-- Generated by org.testng.reporters.JUnitReportReporter -->
<testsuite skipped="0" hostname="MDs-MacBook-Air.fios-router.home" name="apiTest.LandlordsAPI" tests="2" failures="0" timestamp="2019-12-17T23:35:50 EST" time="1.937" errors="0">
  <testcase name="UpdateAlandlord" time="1.877" classname="apiTest.LandlordsAPI"/>
  <testcase name="getallLandlords" time="0.060" classname="apiTest.LandlordsAPI"/>
</testsuite> <!-- apiTest.LandlordsAPI -->
